    {
      "TimeUtc": "2026-10-06T17:01:16.5006290Z",
      "TimeCentral": "2026-10-06T12:01:16.5006290",
      "RecordId": 6241,
      "Provider": "Microsoft-Windows-Kernel-Power",
      "Id": 131,
      "Level": 4,
      "Message": "Firmware S3 times. ResumeCount: 2, FullResume: 2613246, AverageResume: 2054094",
      "Data": {
        "ResumeCount": "2",
        "FullResume": "2613246",
        "AverageResume": "2054094"
      },
      "Xml": "<Event xmlns='http://schemas.microsoft.com/win/2004/08/events/event'><System><Provider Name='Microsoft-Windows-Kernel-Power' Guid='{331c3b3a-2005-44c2-ac5e-77220c37d6b4}'/><EventID>131</EventID><Version>0</Version><Level>4</Level><Task>33</Task><Opcode>0</Opcode><Keywords>0x8000000000000404</Keywords><TimeCreated SystemTime='2026-10-06T17:01:16.5006290Z'/><EventRecordID>6241</EventRecordID><Correlation/><Execution ProcessID='4' ThreadID='568'/><Channel>System</Channel><Computer>[computer]</Computer><Security/></System><EventData><Data Name='ResumeCount'>2</Data><Data Name='FullResume'>2613246</Data><Data Name='AverageResume'>2054094</Data></EventData></Event>"
    },
    {
      "TimeUtc": "2026-10-06T17:01:16.5006308Z",
      "TimeCentral": "2026-10-06T12:01:16.5006308",
      "RecordId": 6242,
      "Provider": "Microsoft-Windows-Kernel-Power",
      "Id": 130,
      "Level": 4,
      "Message": "Firmware S3 times. SuspendStart: 0, SuspendEnd: 0",
      "Data": {
        "SuspendStart": "0",
        "SuspendEnd": "0"
      },
      "Xml": "<Event xmlns='http://schemas.microsoft.com/win/2004/08/events/event'><System><Provider Name='Microsoft-Windows-Kernel-Power' Guid='{331c3b3a-2005-44c2-ac5e-77220c37d6b4}'/><EventID>130</EventID><Version>0</Version><Level>4</Level><Task>33</Task><Opcode>0</Opcode><Keywords>0x8000000000000404</Keywords><TimeCreated SystemTime='2026-10-06T17:01:16.5006308Z'/><EventRecordID>6242</EventRecordID><Correlation/><Execution ProcessID='4' ThreadID='568'/><Channel>System</Channel><Computer>[computer]</Computer><Security/></System><EventData><Data Name='SuspendStart'>0</Data><Data Name='SuspendEnd'>0</Data></EventData></Event>"
    },
    {
      "TimeUtc": "2026-10-06T17:01:17.5229502Z",
      "TimeCentral": "2026-10-06T12:01:17.5229502",
      "RecordId": 6244,
      "Provider": "Microsoft-Windows-Kernel-Power",
      "Id": 566,
      "Level": 4,
      "Message": "The system session has transitioned from 5 to 6.\r\n\r\nReason SxTransition \r\n\r\nBootId: 32",
      "Data": {
        "BootId": "32",
        "Reason": "20",
        "PreviousSessionId": "5",
        "PreviousSessionType": "3",
        "PreviousSessionDurationInUs": "1225070546",
        "PreviousEnergyCapacityAtStart": "39409",
        "PreviousFullEnergyCapacityAtStart": "39409",
        "PreviousEnergyCapacityAtEnd": "39409",
        "PreviousFullEnergyCapacityAtEnd": "39409",
        "NextSessionId": "6",
        "NextSessionType": "1",
        "PowerStateAc": "true",
        "MonitorReason": "20"
      },
      "Xml": "<Event xmlns='http://schemas.microsoft.com/win/2004/08/events/event'><System><Provider Name='Microsoft-Windows-Kernel-Power' Guid='{331c3b3a-2005-44c2-ac5e-77220c37d6b4}'/><EventID>566</EventID><Version>0</Version><Level>4</Level><Task>268</Task><Opcode>0</Opcode><Keywords>0x8000000000000604</Keywords><TimeCreated SystemTime='2026-10-06T17:01:17.5229502Z'/><EventRecordID>6244</EventRecordID><Correlation/><Execution ProcessID='4' ThreadID='100'/><Channel>System</Channel><Computer>[computer]</Computer><Security/></System><EventData><Data Name='BootId'>32</Data><Data Name='Reason'>20</Data><Data Name='PreviousSessionId'>5</Data><Data Name='PreviousSessionType'>3</Data><Data Name='PreviousSessionDurationInUs'>1225070546</Data><Data Name='PreviousEnergyCapacityAtStart'>39409</Data><Data Name='PreviousFullEnergyCapacityAtStart'>39409</Data><Data Name='PreviousEnergyCapacityAtEnd'>39409</Data><Data Name='PreviousFullEnergyCapacityAtEnd'>39409</Data><Data Name='NextSessionId'>6</Data><Data Name='NextSessionType'>1</Data><Data Name='PowerStateAc'>true</Data><Data Name='MonitorReason'>20</Data></EventData></Event>"
    },
    {
      "TimeUtc": "2026-10-06T17:01:18.5108678Z",
      "TimeCentral": "2026-10-06T12:01:18.5108678",
      "RecordId": 6245,
      "Provider": "Microsoft-Windows-Kernel-Power",
      "Id": 566,
      "Level": 4,
      "Message": "The system session has transitioned from 6 to 8.\r\n\r\nReason Unknown \r\n\r\nBootId: 32",
      "Data": {
        "BootId": "32",
        "Reason": "1",
        "PreviousSessionId": "6",
        "PreviousSessionType": "1",
        "PreviousSessionDurationInUs": "987731",
        "PreviousEnergyCapacityAtStart": "39409",
        "PreviousFullEnergyCapacityAtStart": "39409",
        "PreviousEnergyCapacityAtEnd": "39409",
        "PreviousFullEnergyCapacityAtEnd": "39409",
        "NextSessionId": "8",
        "NextSessionType": "0",
        "PowerStateAc": "true",
        "MonitorReason": "1"
      },
      "Xml": "<Event xmlns='http://schemas.microsoft.com/win/2004/08/events/event'><System><Provider Name='Microsoft-Windows-Kernel-Power' Guid='{331c3b3a-2005-44c2-ac5e-77220c37d6b4}'/><EventID>566</EventID><Version>0</Version><Level>4</Level><Task>268</Task><Opcode>0</Opcode><Keywords>0x8000000000000604</Keywords><TimeCreated SystemTime='2026-10-06T17:01:18.5108678Z'/><EventRecordID>6245</EventRecordID><Correlation/><Execution ProcessID='4' ThreadID='100'/><Channel>System</Channel><Computer>[computer]</Computer><Security UserID='S-1-5-18'/></System><EventData><Data Name='BootId'>32</Data><Data Name='Reason'>1</Data><Data Name='PreviousSessionId'>6</Data><Data Name='PreviousSessionType'>1</Data><Data Name='PreviousSessionDurationInUs'>987731</Data><Data Name='PreviousEnergyCapacityAtStart'>39409</Data><Data Name='PreviousFullEnergyCapacityAtStart'>39409</Data><Data Name='PreviousEnergyCapacityAtEnd'>39409</Data><Data Name='PreviousFullEnergyCapacityAtEnd'>39409</Data><Data Name='NextSessionId'>8</Data><Data Name='NextSessionType'>0</Data><Data Name='PowerStateAc'>true</Data><Data Name='MonitorReason'>1</Data></EventData></Event>"
    },
    {
      "TimeUtc": "2026-10-06T17:01:18.6332466Z",
      "TimeCentral": "2026-10-06T12:01:18.6332466",
      "RecordId": 6246,
      "Provider": "Microsoft-Windows-Power-Troubleshooter",
      "Id": 1,
      "Level": 4,
      "Message": "The system has returned from a low power state.\r\n\r\nSleep Time: \u200e2026\u200e-\u200e10\u200e-\u200e06T16:40:52.448985800Z\r\nWake Time: \u200e2026\u200e-\u200e10\u200e-\u200e06T17:01:17.601381400Z\r\n\r\nWake Source: Power Button",
      "Data": {
        "SleepTime": "2026-10-06T16:40:52.4489858Z",
        "WakeTime": "2026-10-06T17:01:17.6013814Z",
        "SleepDuration": "513",
        "WakeDuration": "1100",
        "DriverInitDuration": "1021",
        "BiosInitDuration": "2613246",
        "HiberWriteDuration": "0",
        "HiberReadDuration": "0",
        "HiberPagesWritten": "0",
        "Attributes": "1912621324",
        "TargetState": "4",
        "EffectiveState": "4",
        "WakeSourceType": "1",
        "WakeSourceTextLength": "0",
        "WakeSourceText": "",
        "WakeTimerOwnerLength": "0",
        "WakeTimerContextLength": "0",
        "NoMultiStageResumeReason": "0",
        "WakeTimerOwner": "",
        "WakeTimerContext": "",
        "CheckpointDuration": "27"
      },
      "Xml": "<Event xmlns='http://schemas.microsoft.com/win/2004/08/events/event'><System><Provider Name='Microsoft-Windows-Power-Troubleshooter' Guid='{cdc05e28-c449-49c6-b9d2-88cf761644df}'/><EventID>1</EventID><Version>3</Version><Level>4</Level><Task>0</Task><Opcode>0</Opcode><Keywords>0x8000000000000000</Keywords><TimeCreated SystemTime='2026-10-06T17:01:18.6332466Z'/><EventRecordID>6246</EventRecordID><Correlation ActivityID='{537fedad-a0b8-44c5-bfdb-7c8513acfc5f}'/><Execution ProcessID='4360' ThreadID='4884'/><Channel>System</Channel><Computer>[computer]</Computer><Security UserID='S-1-5-19'/></System><EventData><Data Name='SleepTime'>2026-10-06T16:40:52.4489858Z</Data><Data Name='WakeTime'>2026-10-06T17:01:17.6013814Z</Data><Data Name='SleepDuration'>513</Data><Data Name='WakeDuration'>1100</Data><Data Name='DriverInitDuration'>1021</Data><Data Name='BiosInitDuration'>2613246</Data><Data Name='HiberWriteDuration'>0</Data><Data Name='HiberReadDuration'>0</Data><Data Name='HiberPagesWritten'>0</Data><Data Name='Attributes'>1912621324</Data><Data Name='TargetState'>4</Data><Data Name='EffectiveState'>4</Data><Data Name='WakeSourceType'>1</Data><Data Name='WakeSourceTextLength'>0</Data><Data Name='WakeSourceText'></Data><Data Name='WakeTimerOwnerLength'>0</Data><Data Name='WakeTimerContextLength'>0</Data><Data Name='NoMultiStageResumeReason'>0</Data><Data Name='WakeTimerOwner'></Data><Data Name='WakeTimerContext'></Data><Data Name='CheckpointDuration'>27</Data></EventData></Event>"
    }
  ],
  "GraphicsAndKernelPnpWarningsAndErrors": [
    {
      "TimeUtc": "2026-10-06T16:13:56.1007565Z",
      "TimeCentral": "2026-10-06T11:13:56.1007565",
      "RecordId": 6149,
      "Provider": "Microsoft-Windows-Kernel-PnP",
      "Id": 219,
      "Level": 3,
      "Message": "The driver \\Driver\\WUDFRd failed to load.\r\nDevice: ACPI\\VLV0100\\5&15d725f4&0\r\nStatus: 0xC0000365",
      "Data": {
        "DriverNameLength": "25",
        "DriverName": "ACPI\\VLV0100\\5&15d725f4&0",
        "Status": "3221226341",
        "FailureNameLength": "14",
        "FailureName": "\\Driver\\WUDFRd",
        "Version": "0"
      },
      "Xml": "<Event xmlns='http://schemas.microsoft.com/win/2004/08/events/event'><System><Provider Name='Microsoft-Windows-Kernel-PnP' Guid='{9c205a39-1250-487d-abd7-e831c6290539}'/><EventID>219</EventID><Version>0</Version><Level>3</Level><Task>212</Task><Opcode>0</Opcode><Keywords>0x8000000000002000</Keywords><TimeCreated SystemTime='2026-10-06T16:13:56.1007565Z'/><EventRecordID>6149</EventRecordID><Correlation/><Execution ProcessID='4' ThreadID='304'/><Channel>System</Channel><Computer>[computer]</Computer><Security UserID='S-1-5-18'/></System><EventData><Data Name='DriverNameLength'>25</Data><Data Name='DriverName'>ACPI\\VLV0100\\5&amp;15d725f4&amp;0</Data><Data Name='Status'>3221226341</Data><Data Name='FailureNameLength'>14</Data><Data Name='FailureName'>\\Driver\\WUDFRd</Data><Data Name='Version'>0</Data></EventData></Event>"
    }
  ],
  "SystemWarningsAndErrorsDuringCycle": [],
  "CodeIntegrityWarningsAndErrors": [
    {
      "TimeUtc": "2026-10-06T16:14:27.0717671Z",
      "TimeCentral": "2026-10-06T11:14:27.0717671",
      "RecordId": 3462,
      "Provider": "Microsoft-Windows-CodeIntegrity",
      "Id": 3004,
      "Level": 2,
      "Message": "Windows is unable to verify the image integrity of the file \\Device\\HarddiskVolume4\\ProgramData\\Microsoft\\Windows Defender\\Platform\\4.18.26080.4-0\\DefenderSessionHelper.exe because file hash could not be found on the system. A recent hardware or software change might have installed a file that is signed incorrectly or damaged, or that might be malicious software from an unknown source.",
      "Data": {
        "FileNameLength": "112",
        "FileNameBuffer": "\\Device\\HarddiskVolume4\\ProgramData\\Microsoft\\Windows Defender\\Platform\\4.18.26080.4-0\\DefenderSessionHelper.exe",
        "SecureRequired": "0x80000018",
        "RequestedSigningLevel": "7",
        "ProcessNameLength": "98",
        "ProcessNameBuffer": "\\Device\\HarddiskVolume4\\ProgramData\\Microsoft\\Windows Defender\\Platform\\4.18.26080.4-0\\MsMpEng.exe"
      },
      "Xml": "<Event xmlns='http://schemas.microsoft.com/win/2004/08/events/event'><System><Provider Name='Microsoft-Windows-CodeIntegrity' Guid='{4ee76bd8-3cf4-44a0-a0ac-3937643e37a3}'/><EventID>3004</EventID><Version>1</Version><Level>2</Level><Task>1</Task><Opcode>104</Opcode><Keywords>0x8000000000000000</Keywords><TimeCreated SystemTime='2026-10-06T16:14:27.0717671Z'/><EventRecordID>3462</EventRecordID><Correlation ActivityID='{ae93363e-55ad-0005-0573-93aead55dd01}'/><Execution ProcessID='4508' ThreadID='11620'/><Channel>Microsoft-Windows-CodeIntegrity/Operational</Channel><Computer>[computer]</Computer><Security UserID='S-1-5-18'/></System><EventData><Data Name='FileNameLength'>112</Data><Data Name='FileNameBuffer'>\\Device\\HarddiskVolume4\\ProgramData\\Microsoft\\Windows Defender\\Platform\\4.18.26080.4-0\\DefenderSessionHelper.exe</Data><Data Name='SecureRequired'>0x80000018</Data><Data Name='RequestedSigningLevel'>7</Data><Data Name='ProcessNameLength'>98</Data><Data Name='ProcessNameBuffer'>\\Device\\HarddiskVolume4\\ProgramData\\Microsoft\\Windows Defender\\Platform\\4.18.26080.4-0\\MsMpEng.exe</Data></EventData></Event>"
    }
  ],
  "CodeIntegrityWarningsAndErrorsDuringCycle": [],
  "AmdCodeIntegrityWarningsAndErrors": []
}
